<?xml version="1.0" encoding="UTF-8"?>
<!-- Generated by org.testng.reporters.JUnitXMLReporter -->
<testsuite hostname="DESKTOP-REKOO9G" name="Test" tests="5" failures="0" timestamp="16 Mar 2022 17:30:24 GMT" time="14.667" errors="0">
  <testcase name="createBoard" time="5.439" classname="RestTestig.Trello"/>
  <testcase name="Login" time="4.451" classname="RestTestig.Ecommerce"/>
  <testcase name="getBoard" time="0.851" classname="RestTestig.Trello"/>
  <testcase name="GetAllUser" time="2.643" classname="RestTestig.Ecommerce"/>
  <testcase name="DeleteBoard" time="1.217" classname="RestTestig.Trello"/>
</testsuite> <!-- Test -->
